#
# There is insufficient memory for the Java Runtime Environment to continue.
# Native memory allocation (mmap) failed to map 268435456 bytes for G1 virtual space
# Possible reasons:
#   The system is out of physical RAM or swap space
#   The process is running with CompressedOops enabled, and the Java Heap may be blocking the growth of the native heap
# Possible solutions:
#   Reduce memory load on the system
#   Increase physical memory or swap space
#   Check if swap backing store is full
#   Decrease Java heap size (-Xmx/-Xms)
#   Decrease number of Java threads
#   Decrease Java thread stack sizes (-Xss)
#   Set larger code cache with -XX:ReservedCodeCacheSize=
#   JVM is running with Zero Based Compressed Oops mode in which the Java heap is
#     placed in the first 32GB address space. The Java Heap base address is the
#     maximum limit for the native heap growth. Please use -XX:HeapBaseMinAddress
#     to set the Java Heap base and to place the Java Heap above 32GB virtual address.
# This output file may be truncated or incomplete.
#
#  Out of Memory Error (os_windows.cpp:3469), pid=20180, tid=9364
#
# JRE version:  (17.0+35) (build )
# Java VM: Java HotSpot(TM) 64-Bit Server VM (17+35-LTS-2724, mixed mode, sharing, tiered, compressed oops, compressed class ptrs, g1 gc, windows-amd64)
# No core dump will be written. Minidumps are not enabled by default on client versions of Windows
#

---------------  S U M M A R Y ------------

Command Line: -Dfile.encoding=Cp1254 -XX:+ShowCodeDetailsInExceptionMessages hw2.hw2

Host: Intel(R) Core(TM) i7-6700HQ CPU @ 2.60GHz, 8 cores, 15G,  Windows 10 , 64 bit Build 19041 (10.0.19041.1566)
Time: Tue Mar 22 17:22:33 2022 Türkiye Standart Saati elapsed time: 0.019910 seconds (0d 0h 0m 0s)

---------------  T H R E A D  ---------------

Current thread (0x00000205d2389780):  JavaThread "Unknown thread" [_thread_in_vm, id=9364, stack(0x0000004252000000,0x0000004252100000)]

Stack: [0x0000004252000000,0x0000004252100000]
Native frames: (J=compiled Java code, j=interpreted, Vv=VM code, C=native code)
V  [jvm.dll+0x66f8ea]
V  [jvm.dll+0x7ce224]
V  [jvm.dll+0x7cf9ce]
V  [jvm.dll+0x7d0033]
V  [jvm.dll+0x242bb5]
V  [jvm.dll+0x66c909]
V  [jvm.dll+0x6613d2]
V  [jvm.dll+0x30082b]
V  [jvm.dll+0x307db6]
V  [jvm.dll+0x357a0e]
V  [jvm.dll+0x357c3f]
V  [jvm.dll+0x2d7ae8]
V  [jvm.dll+0x2d8a54]
V  [jvm.dll+0x7a00a1]
V  [jvm.dll+0x365781]
V  [jvm.dll+0x77f59c]
V  [jvm.dll+0x3e805f]
V  [jvm.dll+0x3e9b01]
C  [jli.dll+0x527b]
C  [ucrtbase.dll+0x21bb2]
C  [KERNEL32.DLL+0x17034]
C  [ntdll.dll+0x52651]


---------------  P R O C E S S  ---------------

Threads class SMR info:
_java_thread_list=0x00007ffd61fe7818, length=0, elements={
}

Java Threads: ( => current thread )

Other Threads:
  0x00000205d23da9f0 GCTaskThread "GC Thread#0" [stack: 0x0000004252100000,0x0000004252200000] [id=272]
  0x00000205d23ebf20 ConcurrentGCThread "G1 Main Marker" [stack: 0x0000004252200000,0x0000004252300000] [id=13396]
  0x00000205d23ec930 ConcurrentGCThread "G1 Conc#0" [stack: 0x0000004252300000,0x0000004252400000] [id=10076]

[error occurred during error reporting (printing all threads), id 0xc0000005, EXCEPTION_ACCESS_VIOLATION (0xc0000005) at pc=0x00007ffd618384c7]

VM state: not at safepoint (not fully initialized)

VM Mutex/Monitor currently owned by a thread:  ([mutex/lock_event])
[0x00000205d23864a0] Heap_lock - owner thread: 0x00000205d2389780

Heap address: 0x0000000701a00000, size: 4070 MB, Compressed Oops mode: Zero based, Oop shift amount: 3

CDS archive(s) mapped at: [0x0000000000000000-0x0000000000000000-0x0000000000000000), size 0, SharedBaseAddress: 0x0000000800000000, ArchiveRelocationMode: 0.
Narrow klass base: 0x0000000000000000, Narrow klass shift: 0, Narrow klass range: 0x0

GC Precious Log:
<Empty>

Heap:
 garbage-first heap   total 0K, used 0K [0x0000000701a00000, 0x0000000800000000)
  region size 2048K, 0 young (0K), 0 survivors (0K)

[error occurred during error reporting (printing heap information), id 0xc0000005, EXCEPTION_ACCESS_VIOLATION (0xc0000005) at pc=0x00007ffd61c18c59]

GC Heap History (0 events):
No events

Deoptimization events (0 events):
No events

Classes unloaded (0 events):
No events

Classes redefined (0 events):
No events

Internal exceptions (0 events):
No events

VM Operations (0 events):
No events

Events (1 events):
Event: 0.013 Loaded shared library C:\Program Files\Java\jdk-17\bin\java.dll


Dynamic libraries:
0x00007ff7c79b0000 - 0x00007ff7c79c0000 	C:\Program Files\Java\jdk-17\bin\javaw.exe
0x00007ffdc79f0000 - 0x00007ffdc7be5000 	C:\WINDOWS\SYSTEM32\ntdll.dll
0x00007ffdc7560000 - 0x00007ffdc761e000 	C:\WINDOWS\System32\KERNEL32.DLL
0x00007ffdc54d0000 - 0x00007ffdc5798000 	C:\WINDOWS\System32\KERNELBASE.dll
0x00007ffdc5950000 - 0x00007ffdc5a50000 	C:\WINDOWS\System32\ucrtbase.dll
0x00007ffdb8e40000 - 0x00007ffdb8e58000 	C:\Program Files\Java\jdk-17\bin\jli.dll
0x00007ffdbd880000 - 0x00007ffdbd89a000 	C:\Program Files\Java\jdk-17\bin\VCRUNTIME140.dll
0x00007ffdc7040000 - 0x00007ffdc70ee000 	C:\WINDOWS\System32\ADVAPI32.dll
0x00007ffdc6dc0000 - 0x00007ffdc6e5e000 	C:\WINDOWS\System32\msvcrt.dll
0x00007ffdc67d0000 - 0x00007ffdc686c000 	C:\WINDOWS\System32\sechost.dll
0x00007ffdc7810000 - 0x00007ffdc7935000 	C:\WINDOWS\System32\RPCRT4.dll
0x00007ffdc6630000 - 0x00007ffdc67d0000 	C:\WINDOWS\System32\USER32.dll
0x00007ffda93b0000 - 0x00007ffda964a000 	C:\WINDOWS\WinSxS\amd64_microsoft.windows.common-controls_6595b64144ccf1df_6.0.19041.1110_none_60b5254171f9507e\COMCTL32.dll
0x00007ffdc57f0000 - 0x00007ffdc5812000 	C:\WINDOWS\System32\win32u.dll
0x00007ffdc7010000 - 0x00007ffdc703b000 	C:\WINDOWS\System32\GDI32.dll
0x00007ffdc5140000 - 0x00007ffdc524b000 	C:\WINDOWS\System32\gdi32full.dll
0x00007ffdbe2e0000 - 0x00007ffdbe2ea000 	C:\WINDOWS\SYSTEM32\VERSION.dll
0x00007ffdc5820000 - 0x00007ffdc58bd000 	C:\WINDOWS\System32\msvcp_win.dll
0x00007ffdc5a50000 - 0x00007ffdc5a80000 	C:\WINDOWS\System32\IMM32.DLL
0x00007ffdc0a50000 - 0x00007ffdc0a5c000 	C:\Program Files\Java\jdk-17\bin\vcruntime140_1.dll
0x00007ffda48d0000 - 0x00007ffda495d000 	C:\Program Files\Java\jdk-17\bin\msvcp140.dll
0x00007ffd61550000 - 0x00007ffd6210e000 	C:\Program Files\Java\jdk-17\bin\server\jvm.dll
0x00007ffda8da0000 - 0x00007ffda8dc7000 	C:\WINDOWS\SYSTEM32\WINMM.dll
0x00007ffdc6280000 - 0x00007ffdc6288000 	C:\WINDOWS\System32\PSAPI.DLL
0x00007ffdc30f0000 - 0x00007ffdc30f9000 	C:\WINDOWS\SYSTEM32\WSOCK32.dll
0x00007ffdc7940000 - 0x00007ffdc79ab000 	C:\WINDOWS\System32\WS2_32.dll
0x00007ffdc3200000 - 0x00007ffdc3212000 	C:\WINDOWS\SYSTEM32\kernel.appcore.dll
0x00007ffdc0510000 - 0x00007ffdc051a000 	C:\Program Files\Java\jdk-17\bin\jimage.dll
0x00007ffdc2ec0000 - 0x00007ffdc30a4000 	C:\WINDOWS\SYSTEM32\DBGHELP.DLL
0x00007ffdac9e0000 - 0x00007ffdaca0c000 	C:\WINDOWS\SYSTEM32\dbgcore.DLL
0x00007ffdc58c0000 - 0x00007ffdc5942000 	C:\WINDOWS\System32\bcryptPrimitives.dll
0x00007ffdb8d70000 - 0x00007ffdb8d95000 	C:\Program Files\Java\jdk-17\bin\java.dll

dbghelp: loaded successfully - version: 4.0.5 - missing functions: none
symbol engine: initialized successfully - sym options: 0x614 - pdb path: .;C:\Program Files\Java\jdk-17\bin;C:\WINDOWS\SYSTEM32;C:\WINDOWS\WinSxS\amd64_microsoft.windows.common-controls_6595b64144ccf1df_6.0.19041.1110_none_60b5254171f9507e;C:\Program Files\Java\jdk-17\bin\server

VM Arguments:
jvm_args: -Dfile.encoding=Cp1254 -XX:+ShowCodeDetailsInExceptionMessages 
java_command: hw2.hw2
java_class_path (initial): C:\Users\ASUS\eclipse-workspace\Bil 211\bin
Launcher Type: SUN_STANDARD

[Global flags]
     intx CICompilerCount                          = 4                                         {product} {ergonomic}
     uint ConcGCThreads                            = 2                                         {product} {ergonomic}
     uint G1ConcRefinementThreads                  = 8                                         {product} {ergonomic}
   size_t G1HeapRegionSize                         = 2097152                                   {product} {ergonomic}
    uintx GCDrainStackTargetSize                   = 64                                        {product} {ergonomic}
   size_t InitialHeapSize                          = 268435456                                 {product} {ergonomic}
   size_t MarkStackSize                            = 4194304                                   {product} {ergonomic}
   size_t MaxHeapSize                              = 4267704320                                {product} {ergonomic}
   size_t MinHeapDeltaBytes                        = 2097152                                   {product} {ergonomic}
   size_t MinHeapSize                              = 8388608                                   {product} {ergonomic}
    uintx NonNMethodCodeHeapSize                   = 5839372                                {pd product} {ergonomic}
    uintx NonProfiledCodeHeapSize                  = 122909434                              {pd product} {ergonomic}
    uintx ProfiledCodeHeapSize                     = 122909434                              {pd product} {ergonomic}
    uintx ReservedCodeCacheSize                    = 251658240                              {pd product} {ergonomic}
     bool SegmentedCodeCache                       = true                                      {product} {ergonomic}
     bool ShowCodeDetailsInExceptionMessages       = true                                   {manageable} {command line}
   size_t SoftMaxHeapSize                          = 4267704320                             {manageable} {ergonomic}
     bool UseCompressedClassPointers               = true                           {product lp64_product} {ergonomic}
     bool UseCompressedOops                        = true                           {product lp64_product} {ergonomic}
     bool UseG1GC                                  = true                                      {product} {ergonomic}
     bool UseLargePagesIndividualAllocation        = false                                  {pd product} {ergonomic}

Logging:
Log output configuration:
 #0: stdout all=warning uptime,level,tags
 #1: stderr all=off uptime,level,tags

Environment Variables:
PATH=C:\Program Files\Common Files\Oracle\Java\javapath;C:\Program Files (x86)\Common Files\Intel\Shared Libraries\redist\intel64\compiler;C:\ProgramData\Oracle\Java\javapath;C:\Windows\system32;C:\Windows;C:\Windows\System32\Wbem;C:\Windows\System32\WindowsPowerShell\v1.0\;C:\Windows\System32\OpenSSH\;C:\Program Files\NVIDIA Corporation\NVIDIA NvDLISR;C:\Program Files (x86)\NVIDIA Corporation\PhysX\Common;C:\WINDOWS\system32;C:\WINDOWS;C:\WINDOWS\System32\Wbem;C:\WINDOWS\System32\WindowsPowerShell\v1.0\;C:\WINDOWS\System32\OpenSSH\;C:\Program Files\Calibre2\;C:\Users\ASUS\AppData\Local\Microsoft\WindowsApps;
USERNAME=ASUS
OS=Windows_NT
PROCESSOR_IDENTIFIER=Intel64 Family 6 Model 94 Stepping 3, GenuineIntel



---------------  S Y S T E M  ---------------

OS:
 Windows 10 , 64 bit Build 19041 (10.0.19041.1566)
OS uptime: 4 days 22:10 hours

CPU: total 8 (initial active 8) (4 cores per cpu, 2 threads per core) family 6 model 94 stepping 3 microcode 0xcc, cx8, cmov, fxsr, ht, mmx, 3dnowpref, sse, sse2, sse3, ssse3, sse4.1, sse4.2, popcnt, lzcnt, tsc, tscinvbit, avx, avx2, aes, erms, clmul, bmi1, bmi2, rtm, adx, fma, vzeroupper, clflush, clflushopt

Memory: 4k page, system-wide physical 16279M (7048M free)
TotalPageFile size 26078M (AvailPageFile size 180M)
current process WorkingSet (physical memory assigned to process): 10M, peak: 10M
current process commit charge ("private bytes"): 60M, peak: 316M

vm_info: Java HotSpot(TM) 64-Bit Server VM (17+35-LTS-2724) for windows-amd64 JRE (17+35-LTS-2724), built on Aug  5 2021 23:28:28 by "mach5one" with MS VC++ 16.8 (VS2019)

END.
